c:\users\user\source\repos\arcanoid\arcanoid\x64\debug\uic\ui_arcanoid.h
c:\users\user\source\repos\arcanoid\arcanoid\x64\debug\rcc\qrc_arcanoid.cpp
c:\users\user\source\repos\arcanoid\arcanoid\x64\debug\moc\moc_arcanoid.cpp
c:\users\user\source\repos\arcanoid\arcanoid\x64\debug\moc\moc_myphysics.cpp
c:\users\user\source\repos\arcanoid\arcanoid\x64\debug\moc\moc_karetka.cpp
c:\users\user\source\repos\arcanoid\arcanoid\x64\debug\moc\moc_obstacle.cpp
c:\users\user\source\repos\arcanoid\arcanoid\x64\debug\moc\moc_score.cpp
c:\users\user\source\repos\arcanoid\arcanoid\x64\debug\moc\moc_arcanoidphysics.cpp
c:\users\user\source\repos\arcanoid\arcanoid\x64\debug\moc_arcanoid.obj
c:\users\user\source\repos\arcanoid\arcanoid\x64\debug\qrc_arcanoid.obj
c:\users\user\source\repos\arcanoid\arcanoid\x64\debug\vc141.pdb
c:\users\user\source\repos\arcanoid\arcanoid\x64\debug\myphysics.obj
c:\users\user\source\repos\arcanoid\arcanoid\x64\debug\arcanoid.obj
c:\users\user\source\repos\arcanoid\arcanoid\x64\debug\karetka.obj
c:\users\user\source\repos\arcanoid\arcanoid\x64\debug\main.obj
c:\users\user\source\repos\arcanoid\arcanoid\x64\debug\virtualfield.obj
c:\users\user\source\repos\arcanoid\arcanoid\x64\debug\moc_myphysics.obj
c:\users\user\source\repos\arcanoid\arcanoid\x64\debug\ball.obj
c:\users\user\source\repos\arcanoid\arcanoid\x64\debug\obstacle.obj
c:\users\user\source\repos\arcanoid\arcanoid\x64\debug\score.obj
c:\users\user\source\repos\arcanoid\arcanoid\x64\debug\abstractblock.obj
c:\users\user\source\repos\arcanoid\arcanoid\x64\debug\moc_score.obj
c:\users\user\source\repos\arcanoid\arcanoid\x64\debug\bonus.obj
c:\users\user\source\repos\arcanoid\arcanoid\x64\debug\blocks.obj
c:\users\user\source\repos\arcanoid\arcanoid\x64\debug\carriage.obj
c:\users\user\source\repos\arcanoid\arcanoid\x64\debug\moc_arcanoidphysics.obj
c:\users\user\source\repos\arcanoid\arcanoid\x64\debug\arcanoidphysics.obj
c:\users\user\source\repos\arcanoid\x64\debug\arcanoid.pdb
c:\users\user\source\repos\arcanoid\arcanoid\x64\debug\arcanoid.tlog\arcanoid.write.1u.tlog
c:\users\user\source\repos\arcanoid\arcanoid\x64\debug\arcanoid.tlog\cl.command.1.tlog
c:\users\user\source\repos\arcanoid\arcanoid\x64\debug\arcanoid.tlog\cl.read.1.tlog
c:\users\user\source\repos\arcanoid\arcanoid\x64\debug\arcanoid.tlog\cl.write.1.tlog
c:\users\user\source\repos\arcanoid\arcanoid\x64\debug\arcanoid.tlog\link-cvtres.read.1.tlog
c:\users\user\source\repos\arcanoid\arcanoid\x64\debug\arcanoid.tlog\link-cvtres.write.1.tlog
c:\users\user\source\repos\arcanoid\arcanoid\x64\debug\arcanoid.tlog\link-rc.read.1.tlog
c:\users\user\source\repos\arcanoid\arcanoid\x64\debug\arcanoid.tlog\link-rc.write.1.tlog
c:\users\user\source\repos\arcanoid\arcanoid\x64\debug\arcanoid.tlog\link.5076-cvtres.read.1.tlog
c:\users\user\source\repos\arcanoid\arcanoid\x64\debug\arcanoid.tlog\link.5076-cvtres.write.1.tlog
c:\users\user\source\repos\arcanoid\arcanoid\x64\debug\arcanoid.tlog\link.5076-rc.read.1.tlog
c:\users\user\source\repos\arcanoid\arcanoid\x64\debug\arcanoid.tlog\link.5076-rc.write.1.tlog
c:\users\user\source\repos\arcanoid\arcanoid\x64\debug\arcanoid.tlog\link.5076.read.1.tlog
c:\users\user\source\repos\arcanoid\arcanoid\x64\debug\arcanoid.tlog\link.5076.write.1.tlog
c:\users\user\source\repos\arcanoid\arcanoid\x64\debug\arcanoid.tlog\link.command.1.tlog
c:\users\user\source\repos\arcanoid\arcanoid\x64\debug\arcanoid.tlog\link.read.1.tlog
c:\users\user\source\repos\arcanoid\arcanoid\x64\debug\arcanoid.tlog\link.write.1.tlog
c:\users\user\source\repos\arcanoid\arcanoid\x64\debug\arcanoid.tlog\moc.read.1u.tlog
c:\users\user\source\repos\arcanoid\arcanoid\x64\debug\arcanoid.tlog\moc.write.1u.tlog
c:\users\user\source\repos\arcanoid\arcanoid\x64\debug\arcanoid.tlog\rcc.read.1u.tlog
c:\users\user\source\repos\arcanoid\arcanoid\x64\debug\arcanoid.tlog\rcc.write.1u.tlog
c:\users\user\source\repos\arcanoid\arcanoid\x64\debug\arcanoid.tlog\uic.read.1u.tlog
c:\users\user\source\repos\arcanoid\arcanoid\x64\debug\arcanoid.tlog\uic.write.1u.tlog
